{"/Users/learnacademy/Desktop/joint4ces_container/joint4ces/app/javascript/components/pages/Home.js": {"path":"/Users/learnacademy/Desktop/joint4ces_container/joint4ces/app/javascript/components/pages/Home.js","statementMap":{"0":{"start":{"line":5,"column":4},"end":{"line":7,"column":5}}},"fnMap":{"0":{"name":"(anonymous_0)","decl":{"start":{"line":4,"column":2},"end":{"line":4,"column":3}},"loc":{"start":{"line":4,"column":11},"end":{"line":8,"column":3}},"line":4}},"branchMap":{},"s":{"0":1},"f":{"0":1},"b":{},"_coverageSchema":"1a1c01bbd47fc00a2c39e90264f33305004495a9","hash":"e2e0bb6e89c4ac232aee9bf34c10e608d82b499c"}
}
